[2020-04-10 19:49:25] local.ERROR: Route [drugs.indes] not defined. (View: /home/non/Desktop/Final/pharamcy-system/resources/views/layouts/landing.blade.php) {"exception":"[object] (Facade\\Ignition\\Exceptions\\ViewException(code: 0): Route [drugs.indes] not defined. (View: /home/non/Desktop/Final/pharamcy-system/resources/views/layouts/landing.blade.php) at /home/non/Desktop/Final/pharamcy-system/vendor/laravel/framework/src/Illuminate/Routing/UrlGenerator.php:420)
[stacktrace]
#0 /home/non/Desktop/Final/pharamcy-system/vendor/laravel/framework/src/Illuminate/Foundation/helpers.php(766): Illuminate\\Routing\\UrlGenerator->route()
#1 /home/non/Desktop/Final/pharamcy-system/resources/views/layouts/landing.blade.php(240): route()
#2 /home/non/Desktop/Final/pharamcy-system/vendor/laravel/framework/src/Illuminate/View/Engines/PhpEngine.php(41): include('/home/non/Deskt...')
#3 /home/non/Desktop/Final/pharamcy-system/vendor/laravel/framework/src/Illuminate/View/Engines/CompilerEngine.php(57): Illuminate\\View\\Engines\\PhpEngine->evaluatePath()
#4 /home/non/Desktop/Final/pharamcy-system/vendor/facade/ignition/src/Views/Engines/CompilerEngine.php(37): Illuminate\\View\\Engines\\CompilerEngine->get()
#5 /home/non/Desktop/Final/pharamcy-system/vendor/laravel/framework/src/Illuminate/View/View.php(139): Facade\\Ignition\\Views\\Engines\\CompilerEngine->get()
#6 /home/non/Desktop/Final/pharamcy-system/vendor/laravel/framework/src/Illuminate/View/View.php(122): Illuminate\\View\\View->getContents()
#7 /home/non/Desktop/Final/pharamcy-system/vendor/laravel/framework/src/Illuminate/View/View.php(91): Illuminate\\View\\View->renderContents()
#8 /home/non/Desktop/Final/pharamcy-system/vendor/laravel/framework/src/Illuminate/Http/Response.php(62): Illuminate\\View\\View->render()
#9 /home/non/Desktop/Final/pharamcy-system/vendor/laravel/framework/src/Illuminate/Http/Response.php(34): Illuminate\\Http\\Response->setContent()
#10 /home/non/Desktop/Final/pharamcy-system/vendor/laravel/framework/src/Illuminate/Routing/Router.php(753): Illuminate\\Http\\Response->__construct()
#11 /home/non/Desktop/Final/pharamcy-system/vendor/laravel/framework/src/Illuminate/Routing/Router.php(725): Illuminate\\Routing\\Router::toResponse()
#12 /home/non/Desktop/Final/pharamcy-system/vendor/laravel/framework/src/Illuminate/Routing/Router.php(685): Illuminate\\Routing\\Router->prepareResponse()
#13 /home/non/Desktop/Final/pharamcy-system/vendor/laravel/framework/src/Illuminate/Pipeline/Pipeline.php(128): Illuminate\\Routing\\Router->Illuminate\\Routing\\{closure}()
#14 /home/non/Desktop/Final/pharamcy-system/vendor/laravel/framework/src/Illuminate/Routing/Middleware/SubstituteBindings.php(41): Illuminate\\Pipeline\\Pipeline->Illuminate\\Pipeline\\{closure}()
#15 /home/non/Desktop/Final/pharamcy-system/vendor/laravel/framework/src/Illuminate/Pipeline/Pipeline.php(167): Illuminate\\Routing\\Middleware\\SubstituteBindings->handle()
#16 /home/non/Desktop/Final/pharamcy-system/vendor/laravel/framework/src/Illuminate/Foundation/Http/Middleware/VerifyCsrfToken.php(76): Illuminate\\Pipeline\\Pipeline->Illuminate\\Pipeline\\{closure}()
#17 /home/non/Desktop/Final/pharamcy-system/vendor/laravel/framework/src/Illuminate/Pipeline/Pipeline.php(167): Illuminate\\Foundation\\Http\\Middleware\\VerifyCsrfToken->handle()
#18 /home/non/Desktop/Final/pharamcy-system/vendor/laravel/framework/src/Illuminate/View/Middleware/ShareErrorsFromSession.php(49): Illuminate\\Pipeline\\Pipeline->Illuminate\\Pipeline\\{closure}()
#19 /home/non/Desktop/Final/pharamcy-system/vendor/laravel/framework/src/Illuminate/Pipeline/Pipeline.php(167): Illuminate\\View\\Middleware\\ShareErrorsFromSession->handle()
#20 /home/non/Desktop/Final/pharamcy-system/vendor/laravel/framework/src/Illuminate/Session/Middleware/StartSession.php(56): Illuminate\\Pipeline\\Pipeline->Illuminate\\Pipeline\\{closure}()
#21 /home/non/Desktop/Final/pharamcy-system/vendor/laravel/framework/src/Illuminate/Pipeline/Pipeline.php(167): Illuminate\\Session\\Middleware\\StartSession->handle()
#22 /home/non/Desktop/Final/pharamcy-system/vendor/laravel/framework/src/Illuminate/Cookie/Middleware/AddQueuedCookiesToResponse.php(37): Illuminate\\Pipeline\\Pipeline->Illuminate\\Pipeline\\{closure}()
#23 /home/non/Desktop/Final/pharamcy-system/vendor/laravel/framework/src/Illuminate/Pipeline/Pipeline.php(167): Illuminate\\Cookie\\Middleware\\AddQueuedCookiesToResponse->handle()
#24 /home/non/Desktop/Final/pharamcy-system/vendor/laravel/framework/src/Illuminate/Cookie/Middleware/EncryptCookies.php(66): Illuminate\\Pipeline\\Pipeline->Illuminate\\Pipeline\\{closure}()
#25 /home/non/Desktop/Final/pharamcy-system/vendor/laravel/framework/src/Illuminate/Pipeline/Pipeline.php(167): Illuminate\\Cookie\\Middleware\\EncryptCookies->handle()
#26 /home/non/Desktop/Final/pharamcy-system/vendor/laravel/framework/src/Illuminate/Pipeline/Pipeline.php(103): Illuminate\\Pipeline\\Pipeline->Illuminate\\Pipeline\\{closure}()
#27 /home/non/Desktop/Final/pharamcy-system/vendor/laravel/framework/src/Illuminate/Routing/Router.php(687): Illuminate\\Pipeline\\Pipeline->then()
#28 /home/non/Desktop/Final/pharamcy-system/vendor/laravel/framework/src/Illuminate/Routing/Router.php(662): Illuminate\\Routing\\Router->runRouteWithinStack()
#29 /home/non/Desktop/Final/pharamcy-system/vendor/laravel/framework/src/Illuminate/Routing/Router.php(628): Illuminate\\Routing\\Router->runRoute()
#30 /home/non/Desktop/Final/pharamcy-system/vendor/laravel/framework/src/Illuminate/Routing/Router.php(617): Illuminate\\Routing\\Router->dispatchToRoute()
#31 /home/non/Desktop/Final/pharamcy-system/vendor/laravel/framework/src/Illuminate/Foundation/Http/Kernel.php(165): Illuminate\\Routing\\Router->dispatch()
#32 /home/non/Desktop/Final/pharamcy-system/vendor/laravel/framework/src/Illuminate/Pipeline/Pipeline.php(128): Illuminate\\Foundation\\Http\\Kernel->Illuminate\\Foundation\\Http\\{closure}()
#33 /home/non/Desktop/Final/pharamcy-system/vendor/laravel/framework/src/Illuminate/Foundation/Http/Middleware/TransformsRequest.php(21): Illuminate\\Pipeline\\Pipeline->Illuminate\\Pipeline\\{closure}()
#34 /home/non/Desktop/Final/pharamcy-system/vendor/laravel/framework/src/Illuminate/Pipeline/Pipeline.php(167): Illuminate\\Foundation\\Http\\Middleware\\TransformsRequest->handle()
#35 /home/non/Desktop/Final/pharamcy-system/vendor/laravel/framework/src/Illuminate/Foundation/Http/Middleware/TransformsRequest.php(21): Illuminate\\Pipeline\\Pipeline->Illuminate\\Pipeline\\{closure}()
#36 /home/non/Desktop/Final/pharamcy-system/vendor/laravel/framework/src/Illuminate/Pipeline/Pipeline.php(167): Illuminate\\Foundation\\Http\\Middleware\\TransformsRequest->handle()
#37 /home/non/Desktop/Final/pharamcy-system/vendor/laravel/framework/src/Illuminate/Foundation/Http/Middleware/ValidatePostSize.php(27): Illuminate\\Pipeline\\Pipeline->Illuminate\\Pipeline\\{closure}()
#38 /home/non/Desktop/Final/pharamcy-system/vendor/laravel/framework/src/Illuminate/Pipeline/Pipeline.php(167): Illuminate\\Foundation\\Http\\Middleware\\ValidatePostSize->handle()
#39 /home/non/Desktop/Final/pharamcy-system/vendor/laravel/framework/src/Illuminate/Foundation/Http/Middleware/CheckForMaintenanceMode.php(63): Illuminate\\Pipeline\\Pipeline->Illuminate\\Pipeline\\{closure}()
#40 /home/non/Desktop/Final/pharamcy-system/vendor/laravel/framework/src/Illuminate/Pipeline/Pipeline.php(167): Illuminate\\Foundation\\Http\\Middleware\\CheckForMaintenanceMode->handle()
#41 /home/non/Desktop/Final/pharamcy-system/vendor/fruitcake/laravel-cors/src/HandleCors.php(36): Illuminate\\Pipeline\\Pipeline->Illuminate\\Pipeline\\{closure}()
#42 /home/non/Desktop/Final/pharamcy-system/vendor/laravel/framework/src/Illuminate/Pipeline/Pipeline.php(167): Fruitcake\\Cors\\HandleCors->handle()
#43 /home/non/Desktop/Final/pharamcy-system/vendor/fideloper/proxy/src/TrustProxies.php(57): Illuminate\\Pipeline\\Pipeline->Illuminate\\Pipeline\\{closure}()
#44 /home/non/Desktop/Final/pharamcy-system/vendor/laravel/framework/src/Illuminate/Pipeline/Pipeline.php(167): Fideloper\\Proxy\\TrustProxies->handle()
#45 /home/non/Desktop/Final/pharamcy-system/vendor/laravel/framework/src/Illuminate/Pipeline/Pipeline.php(103): Illuminate\\Pipeline\\Pipeline->Illuminate\\Pipeline\\{closure}()
#46 /home/non/Desktop/Final/pharamcy-system/vendor/laravel/framework/src/Illuminate/Foundation/Http/Kernel.php(140): Illuminate\\Pipeline\\Pipeline->then()
#47 /home/non/Desktop/Final/pharamcy-system/vendor/laravel/framework/src/Illuminate/Foundation/Http/Kernel.php(109): Illuminate\\Foundation\\Http\\Kernel->sendRequestThroughRouter()
#48 /home/non/Desktop/Final/pharamcy-system/public/index.php(55): Illuminate\\Foundation\\Http\\Kernel->handle()
#49 /home/non/Desktop/Final/pharamcy-system/server.php(21): require_once('/home/non/Deskt...')
#50 {main}

[previous exception] [object] (Symfony\\Component\\Routing\\Exception\\RouteNotFoundException(code: 0): Route [drugs.indes] not defined. at /home/non/Desktop/Final/pharamcy-system/vendor/laravel/framework/src/Illuminate/Routing/UrlGenerator.php:420)
[stacktrace]
#0 /home/non/Desktop/Final/pharamcy-system/vendor/laravel/framework/src/Illuminate/Foundation/helpers.php(766): Illuminate\\Routing\\UrlGenerator->route()
#1 /home/non/Desktop/Final/pharamcy-system/storage/framework/views/2e7c471089639dc00d47086f84837bc7c8473c06.php(240): route()
#2 /home/non/Desktop/Final/pharamcy-system/vendor/laravel/framework/src/Illuminate/View/Engines/PhpEngine.php(41): include('/home/non/Deskt...')
#3 /home/non/Desktop/Final/pharamcy-system/vendor/laravel/framework/src/Illuminate/View/Engines/CompilerEngine.php(57): Illuminate\\View\\Engines\\PhpEngine->evaluatePath()
#4 /home/non/Desktop/Final/pharamcy-system/vendor/facade/ignition/src/Views/Engines/CompilerEngine.php(37): Illuminate\\View\\Engines\\CompilerEngine->get()
#5 /home/non/Desktop/Final/pharamcy-system/vendor/laravel/framework/src/Illuminate/View/View.php(139): Facade\\Ignition\\Views\\Engines\\CompilerEngine->get()
#6 /home/non/Desktop/Final/pharamcy-system/vendor/laravel/framework/src/Illuminate/View/View.php(122): Illuminate\\View\\View->getContents()
#7 /home/non/Desktop/Final/pharamcy-system/vendor/laravel/framework/src/Illuminate/View/View.php(91): Illuminate\\View\\View->renderContents()
#8 /home/non/Desktop/Final/pharamcy-system/vendor/laravel/framework/src/Illuminate/Http/Response.php(62): Illuminate\\View\\View->render()
#9 /home/non/Desktop/Final/pharamcy-system/vendor/laravel/framework/src/Illuminate/Http/Response.php(34): Illuminate\\Http\\Response->setContent()
#10 /home/non/Desktop/Final/pharamcy-system/vendor/laravel/framework/src/Illuminate/Routing/Router.php(753): Illuminate\\Http\\Response->__construct()
#11 /home/non/Desktop/Final/pharamcy-system/vendor/laravel/framework/src/Illuminate/Routing/Router.php(725): Illuminate\\Routing\\Router::toResponse()
#12 /home/non/Desktop/Final/pharamcy-system/vendor/laravel/framework/src/Illuminate/Routing/Router.php(685): Illuminate\\Routing\\Router->prepareResponse()
#13 /home/non/Desktop/Final/pharamcy-system/vendor/laravel/framework/src/Illuminate/Pipeline/Pipeline.php(128): Illuminate\\Routing\\Router->Illuminate\\Routing\\{closure}()
#14 /home/non/Desktop/Final/pharamcy-system/vendor/laravel/framework/src/Illuminate/Routing/Middleware/SubstituteBindings.php(41): Illuminate\\Pipeline\\Pipeline->Illuminate\\Pipeline\\{closure}()
#15 /home/non/Desktop/Final/pharamcy-system/vendor/laravel/framework/src/Illuminate/Pipeline/Pipeline.php(167): Illuminate\\Routing\\Middleware\\SubstituteBindings->handle()
#16 /home/non/Desktop/Final/pharamcy-system/vendor/laravel/framework/src/Illuminate/Foundation/Http/Middleware/VerifyCsrfToken.php(76): Illuminate\\Pipeline\\Pipeline->Illuminate\\Pipeline\\{closure}()
#17 /home/non/Desktop/Final/pharamcy-system/vendor/laravel/framework/src/Illuminate/Pipeline/Pipeline.php(167): Illuminate\\Foundation\\Http\\Middleware\\VerifyCsrfToken->handle()
#18 /home/non/Desktop/Final/pharamcy-system/vendor/laravel/framework/src/Illuminate/View/Middleware/ShareErrorsFromSession.php(49): Illuminate\\Pipeline\\Pipeline->Illuminate\\Pipeline\\{closure}()
#19 /home/non/Desktop/Final/pharamcy-system/vendor/laravel/framework/src/Illuminate/Pipeline/Pipeline.php(167): Illuminate\\View\\Middleware\\ShareErrorsFromSession->handle()
#20 /home/non/Desktop/Final/pharamcy-system/vendor/laravel/framework/src/Illuminate/Session/Middleware/StartSession.php(56): Illuminate\\Pipeline\\Pipeline->Illuminate\\Pipeline\\{closure}()
#21 /home/non/Desktop/Final/pharamcy-system/vendor/laravel/framework/src/Illuminate/Pipeline/Pipeline.php(167): Illuminate\\Session\\Middleware\\StartSession->handle()
#22 /home/non/Desktop/Final/pharamcy-system/vendor/laravel/framework/src/Illuminate/Cookie/Middleware/AddQueuedCookiesToResponse.php(37): Illuminate\\Pipeline\\Pipeline->Illuminate\\Pipeline\\{closure}()
#23 /home/non/Desktop/Final/pharamcy-system/vendor/laravel/framework/src/Illuminate/Pipeline/Pipeline.php(167): Illuminate\\Cookie\\Middleware\\AddQueuedCookiesToResponse->handle()
#24 /home/non/Desktop/Final/pharamcy-system/vendor/laravel/framework/src/Illuminate/Cookie/Middleware/EncryptCookies.php(66): Illuminate\\Pipeline\\Pipeline->Illuminate\\Pipeline\\{closure}()
#25 /home/non/Desktop/Final/pharamcy-system/vendor/laravel/framework/src/Illuminate/Pipeline/Pipeline.php(167): Illuminate\\Cookie\\Middleware\\EncryptCookies->handle()
#26 /home/non/Desktop/Final/pharamcy-system/vendor/laravel/framework/src/Illuminate/Pipeline/Pipeline.php(103): Illuminate\\Pipeline\\Pipeline->Illuminate\\Pipeline\\{closure}()
#27 /home/non/Desktop/Final/pharamcy-system/vendor/laravel/framework/src/Illuminate/Routing/Router.php(687): Illuminate\\Pipeline\\Pipeline->then()
#28 /home/non/Desktop/Final/pharamcy-system/vendor/laravel/framework/src/Illuminate/Routing/Router.php(662): Illuminate\\Routing\\Router->runRouteWithinStack()
#29 /home/non/Desktop/Final/pharamcy-system/vendor/laravel/framework/src/Illuminate/Routing/Router.php(628): Illuminate\\Routing\\Router->runRoute()
#30 /home/non/Desktop/Final/pharamcy-system/vendor/laravel/framework/src/Illuminate/Routing/Router.php(617): Illuminate\\Routing\\Router->dispatchToRoute()
#31 /home/non/Desktop/Final/pharamcy-system/vendor/laravel/framework/src/Illuminate/Foundation/Http/Kernel.php(165): Illuminate\\Routing\\Router->dispatch()
#32 /home/non/Desktop/Final/pharamcy-system/vendor/laravel/framework/src/Illuminate/Pipeline/Pipeline.php(128): Illuminate\\Foundation\\Http\\Kernel->Illuminate\\Foundation\\Http\\{closure}()
#33 /home/non/Desktop/Final/pharamcy-system/vendor/laravel/framework/src/Illuminate/Foundation/Http/Middleware/TransformsRequest.php(21): Illuminate\\Pipeline\\Pipeline->Illuminate\\Pipeline\\{closure}()
#34 /home/non/Desktop/Final/pharamcy-system/vendor/laravel/framework/src/Illuminate/Pipeline/Pipeline.php(167): Illuminate\\Foundation\\Http\\Middleware\\TransformsRequest->handle()
#35 /home/non/Desktop/Final/pharamcy-system/vendor/laravel/framework/src/Illuminate/Foundation/Http/Middleware/TransformsRequest.php(21): Illuminate\\Pipeline\\Pipeline->Illuminate\\Pipeline\\{closure}()
#36 /home/non/Desktop/Final/pharamcy-system/vendor/laravel/framework/src/Illuminate/Pipeline/Pipeline.php(167): Illuminate\\Foundation\\Http\\Middleware\\TransformsRequest->handle()
#37 /home/non/Desktop/Final/pharamcy-system/vendor/laravel/framework/src/Illuminate/Foundation/Http/Middleware/ValidatePostSize.php(27): Illuminate\\Pipeline\\Pipeline->Illuminate\\Pipeline\\{closure}()
#38 /home/non/Desktop/Final/pharamcy-system/vendor/laravel/framework/src/Illuminate/Pipeline/Pipeline.php(167): Illuminate\\Foundation\\Http\\Middleware\\ValidatePostSize->handle()
#39 /home/non/Desktop/Final/pharamcy-system/vendor/laravel/framework/src/Illuminate/Foundation/Http/Middleware/CheckForMaintenanceMode.php(63): Illuminate\\Pipeline\\Pipeline->Illuminate\\Pipeline\\{closure}()
#40 /home/non/Desktop/Final/pharamcy-system/vendor/laravel/framework/src/Illuminate/Pipeline/Pipeline.php(167): Illuminate\\Foundation\\Http\\Middleware\\CheckForMaintenanceMode->handle()
#41 /home/non/Desktop/Final/pharamcy-system/vendor/fruitcake/laravel-cors/src/HandleCors.php(36): Illuminate\\Pipeline\\Pipeline->Illuminate\\Pipeline\\{closure}()
#42 /home/non/Desktop/Final/pharamcy-system/vendor/laravel/framework/src/Illuminate/Pipeline/Pipeline.php(167): Fruitcake\\Cors\\HandleCors->handle()
#43 /home/non/Desktop/Final/pharamcy-system/vendor/fideloper/proxy/src/TrustProxies.php(57): Illuminate\\Pipeline\\Pipeline->Illuminate\\Pipeline\\{closure}()
#44 /home/non/Desktop/Final/pharamcy-system/vendor/laravel/framework/src/Illuminate/Pipeline/Pipeline.php(167): Fideloper\\Proxy\\TrustProxies->handle()
#45 /home/non/Desktop/Final/pharamcy-system/vendor/laravel/framework/src/Illuminate/Pipeline/Pipeline.php(103): Illuminate\\Pipeline\\Pipeline->Illuminate\\Pipeline\\{closure}()
#46 /home/non/Desktop/Final/pharamcy-system/vendor/laravel/framework/src/Illuminate/Foundation/Http/Kernel.php(140): Illuminate\\Pipeline\\Pipeline->then()
#47 /home/non/Desktop/Final/pharamcy-system/vendor/laravel/framework/src/Illuminate/Foundation/Http/Kernel.php(109): Illuminate\\Foundation\\Http\\Kernel->sendRequestThroughRouter()
#48 /home/non/Desktop/Final/pharamcy-system/public/index.php(55): Illuminate\\Foundation\\Http\\Kernel->handle()
#49 /home/non/Desktop/Final/pharamcy-system/server.php(21): require_once('/home/non/Deskt...')
#50 {main}
"} 
[2020-04-10 19:52:33] local.ERROR: SQLSTATE[42S22]: Column not found: 1054 Unknown column 'pharmacies.owner_nat_id' in 'on clause' (SQL: select * from `pharmacies` inner join `users` on `users`.`nat_id` = `pharmacies`.`owner_nat_id`) {"exception":"[object] (Illuminate\\Database\\QueryException(code: 42S22): SQLSTATE[42S22]: Column not found: 1054 Unknown column 'pharmacies.owner_nat_id' in 'on clause' (SQL: select * from `pharmacies` inner join `users` on `users`.`nat_id` = `pharmacies`.`owner_nat_id`) at /home/non/Desktop/Final/pharamcy-system/vendor/laravel/framework/src/Illuminate/Database/Connection.php:670)
[stacktrace]
#0 /home/non/Desktop/Final/pharamcy-system/vendor/laravel/framework/src/Illuminate/Database/Connection.php(630): Illuminate\\Database\\Connection->runQueryCallback()
#1 /home/non/Desktop/Final/pharamcy-system/vendor/laravel/framework/src/Illuminate/Database/Connection.php(339): Illuminate\\Database\\Connection->run()
#2 /home/non/Desktop/Final/pharamcy-system/vendor/laravel/framework/src/Illuminate/Database/Query/Builder.php(2178): Illuminate\\Database\\Connection->select()
#3 /home/non/Desktop/Final/pharamcy-system/vendor/laravel/framework/src/Illuminate/Database/Query/Builder.php(2166): Illuminate\\Database\\Query\\Builder->runSelect()
#4 /home/non/Desktop/Final/pharamcy-system/vendor/laravel/framework/src/Illuminate/Database/Query/Builder.php(2638): Illuminate\\Database\\Query\\Builder->Illuminate\\Database\\Query\\{closure}()
#5 /home/non/Desktop/Final/pharamcy-system/vendor/laravel/framework/src/Illuminate/Database/Query/Builder.php(2167): Illuminate\\Database\\Query\\Builder->onceWithColumns()
#6 /home/non/Desktop/Final/pharamcy-system/vendor/laravel/framework/src/Illuminate/Database/Eloquent/Builder.php(539): Illuminate\\Database\\Query\\Builder->get()
#7 /home/non/Desktop/Final/pharamcy-system/vendor/laravel/framework/src/Illuminate/Database/Eloquent/Builder.php(523): Illuminate\\Database\\Eloquent\\Builder->getModels()
#8 /home/non/Desktop/Final/pharamcy-system/app/Http/Controllers/DoctorTabController.php(21): Illuminate\\Database\\Eloquent\\Builder->get()
#9 [internal function]: App\\Http\\Controllers\\DoctorTabController->index()
#10 /home/non/Desktop/Final/pharamcy-system/vendor/laravel/framework/src/Illuminate/Routing/Controller.php(54): call_user_func_array()
#11 /home/non/Desktop/Final/pharamcy-system/vendor/laravel/framework/src/Illuminate/Routing/ControllerDispatcher.php(45): Illuminate\\Routing\\Controller->callAction()
#12 /home/non/Desktop/Final/pharamcy-system/vendor/laravel/framework/src/Illuminate/Routing/Route.php(225): Illuminate\\Routing\\ControllerDispatcher->dispatch()
#13 /home/non/Desktop/Final/pharamcy-system/vendor/laravel/framework/src/Illuminate/Routing/Route.php(182): Illuminate\\Routing\\Route->runController()
#14 /home/non/Desktop/Final/pharamcy-system/vendor/laravel/framework/src/Illuminate/Routing/Router.php(685): Illuminate\\Routing\\Route->run()
#15 /home/non/Desktop/Final/pharamcy-system/vendor/laravel/framework/src/Illuminate/Pipeline/Pipeline.php(128): Illuminate\\Routing\\Router->Illuminate\\Routing\\{closure}()
#16 /home/non/Desktop/Final/pharamcy-system/vendor/laravel/framework/src/Illuminate/Routing/Middleware/SubstituteBindings.php(41): Illuminate\\Pipeline\\Pipeline->Illuminate\\Pipeline\\{closure}()
#17 /home/non/Desktop/Final/pharamcy-system/vendor/laravel/framework/src/Illuminate/Pipeline/Pipeline.php(167): Illuminate\\Routing\\Middleware\\SubstituteBindings->handle()
#18 /home/non/Desktop/Final/pharamcy-system/vendor/laravel/framework/src/Illuminate/Foundation/Http/Middleware/VerifyCsrfToken.php(76): Illuminate\\Pipeline\\Pipeline->Illuminate\\Pipeline\\{closure}()
#19 /home/non/Desktop/Final/pharamcy-system/vendor/laravel/framework/src/Illuminate/Pipeline/Pipeline.php(167): Illuminate\\Foundation\\Http\\Middleware\\VerifyCsrfToken->handle()
#20 /home/non/Desktop/Final/pharamcy-system/vendor/laravel/framework/src/Illuminate/View/Middleware/ShareErrorsFromSession.php(49): Illuminate\\Pipeline\\Pipeline->Illuminate\\Pipeline\\{closure}()
#21 /home/non/Desktop/Final/pharamcy-system/vendor/laravel/framework/src/Illuminate/Pipeline/Pipeline.php(167): Illuminate\\View\\Middleware\\ShareErrorsFromSession->handle()
#22 /home/non/Desktop/Final/pharamcy-system/vendor/laravel/framework/src/Illuminate/Session/Middleware/StartSession.php(56): Illuminate\\Pipeline\\Pipeline->Illuminate\\Pipeline\\{closure}()
#23 /home/non/Desktop/Final/pharamcy-system/vendor/laravel/framework/src/Illuminate/Pipeline/Pipeline.php(167): Illuminate\\Session\\Middleware\\StartSession->handle()
#24 /home/non/Desktop/Final/pharamcy-system/vendor/laravel/framework/src/Illuminate/Cookie/Middleware/AddQueuedCookiesToResponse.php(37): Illuminate\\Pipeline\\Pipeline->Illuminate\\Pipeline\\{closure}()
#25 /home/non/Desktop/Final/pharamcy-system/vendor/laravel/framework/src/Illuminate/Pipeline/Pipeline.php(167): Illuminate\\Cookie\\Middleware\\AddQueuedCookiesToResponse->handle()
#26 /home/non/Desktop/Final/pharamcy-system/vendor/laravel/framework/src/Illuminate/Cookie/Middleware/EncryptCookies.php(66): Illuminate\\Pipeline\\Pipeline->Illuminate\\Pipeline\\{closure}()
#27 /home/non/Desktop/Final/pharamcy-system/vendor/laravel/framework/src/Illuminate/Pipeline/Pipeline.php(167): Illuminate\\Cookie\\Middleware\\EncryptCookies->handle()
#28 /home/non/Desktop/Final/pharamcy-system/vendor/laravel/framework/src/Illuminate/Pipeline/Pipeline.php(103): Illuminate\\Pipeline\\Pipeline->Illuminate\\Pipeline\\{closure}()
#29 /home/non/Desktop/Final/pharamcy-system/vendor/laravel/framework/src/Illuminate/Routing/Router.php(687): Illuminate\\Pipeline\\Pipeline->then()
#30 /home/non/Desktop/Final/pharamcy-system/vendor/laravel/framework/src/Illuminate/Routing/Router.php(662): Illuminate\\Routing\\Router->runRouteWithinStack()
#31 /home/non/Desktop/Final/pharamcy-system/vendor/laravel/framework/src/Illuminate/Routing/Router.php(628): Illuminate\\Routing\\Router->runRoute()
#32 /home/non/Desktop/Final/pharamcy-system/vendor/laravel/framework/src/Illuminate/Routing/Router.php(617): Illuminate\\Routing\\Router->dispatchToRoute()
#33 /home/non/Desktop/Final/pharamcy-system/vendor/laravel/framework/src/Illuminate/Foundation/Http/Kernel.php(165): Illuminate\\Routing\\Router->dispatch()
#34 /home/non/Desktop/Final/pharamcy-system/vendor/laravel/framework/src/Illuminate/Pipeline/Pipeline.php(128): Illuminate\\Foundation\\Http\\Kernel->Illuminate\\Foundation\\Http\\{closure}()
#35 /home/non/Desktop/Final/pharamcy-system/vendor/laravel/framework/src/Illuminate/Foundation/Http/Middleware/TransformsRequest.php(21): Illuminate\\Pipeline\\Pipeline->Illuminate\\Pipeline\\{closure}()
#36 /home/non/Desktop/Final/pharamcy-system/vendor/laravel/framework/src/Illuminate/Pipeline/Pipeline.php(167): Illuminate\\Foundation\\Http\\Middleware\\TransformsRequest->handle()
#37 /home/non/Desktop/Final/pharamcy-system/vendor/laravel/framework/src/Illuminate/Foundation/Http/Middleware/TransformsRequest.php(21): Illuminate\\Pipeline\\Pipeline->Illuminate\\Pipeline\\{closure}()
#38 /home/non/Desktop/Final/pharamcy-system/vendor/laravel/framework/src/Illuminate/Pipeline/Pipeline.php(167): Illuminate\\Foundation\\Http\\Middleware\\TransformsRequest->handle()
#39 /home/non/Desktop/Final/pharamcy-system/vendor/laravel/framework/src/Illuminate/Foundation/Http/Middleware/ValidatePostSize.php(27): Illuminate\\Pipeline\\Pipeline->Illuminate\\Pipeline\\{closure}()
#40 /home/non/Desktop/Final/pharamcy-system/vendor/laravel/framework/src/Illuminate/Pipeline/Pipeline.php(167): Illuminate\\Foundation\\Http\\Middleware\\ValidatePostSize->handle()
#41 /home/non/Desktop/Final/pharamcy-system/vendor/laravel/framework/src/Illuminate/Foundation/Http/Middleware/CheckForMaintenanceMode.php(63): Illuminate\\Pipeline\\Pipeline->Illuminate\\Pipeline\\{closure}()
#42 /home/non/Desktop/Final/pharamcy-system/vendor/laravel/framework/src/Illuminate/Pipeline/Pipeline.php(167): Illuminate\\Foundation\\Http\\Middleware\\CheckForMaintenanceMode->handle()
#43 /home/non/Desktop/Final/pharamcy-system/vendor/fruitcake/laravel-cors/src/HandleCors.php(36): Illuminate\\Pipeline\\Pipeline->Illuminate\\Pipeline\\{closure}()
#44 /home/non/Desktop/Final/pharamcy-system/vendor/laravel/framework/src/Illuminate/Pipeline/Pipeline.php(167): Fruitcake\\Cors\\HandleCors->handle()
#45 /home/non/Desktop/Final/pharamcy-system/vendor/fideloper/proxy/src/TrustProxies.php(57): Illuminate\\Pipeline\\Pipeline->Illuminate\\Pipeline\\{closure}()
#46 /home/non/Desktop/Final/pharamcy-system/vendor/laravel/framework/src/Illuminate/Pipeline/Pipeline.php(167): Fideloper\\Proxy\\TrustProxies->handle()
#47 /home/non/Desktop/Final/pharamcy-system/vendor/laravel/framework/src/Illuminate/Pipeline/Pipeline.php(103): Illuminate\\Pipeline\\Pipeline->Illuminate\\Pipeline\\{closure}()
#48 /home/non/Desktop/Final/pharamcy-system/vendor/laravel/framework/src/Illuminate/Foundation/Http/Kernel.php(140): Illuminate\\Pipeline\\Pipeline->then()
#49 /home/non/Desktop/Final/pharamcy-system/vendor/laravel/framework/src/Illuminate/Foundation/Http/Kernel.php(109): Illuminate\\Foundation\\Http\\Kernel->sendRequestThroughRouter()
#50 /home/non/Desktop/Final/pharamcy-system/public/index.php(55): Illuminate\\Foundation\\Http\\Kernel->handle()
#51 /home/non/Desktop/Final/pharamcy-system/server.php(21): require_once('/home/non/Deskt...')
#52 {main}

[previous exception] [object] (Doctrine\\DBAL\\Driver\\PDOException(code: 42S22): SQLSTATE[42S22]: Column not found: 1054 Unknown column 'pharmacies.owner_nat_id' in 'on clause' at /home/non/Desktop/Final/pharamcy-system/vendor/doctrine/dbal/lib/Doctrine/DBAL/Driver/PDOConnection.php:63)
[stacktrace]
#0 /home/non/Desktop/Final/pharamcy-system/vendor/laravel/framework/src/Illuminate/Database/Connection.php(331): Doctrine\\DBAL\\Driver\\PDOConnection->prepare()
#1 /home/non/Desktop/Final/pharamcy-system/vendor/laravel/framework/src/Illuminate/Database/Connection.php(663): Illuminate\\Database\\Connection->Illuminate\\Database\\{closure}()
#2 /home/non/Desktop/Final/pharamcy-system/vendor/laravel/framework/src/Illuminate/Database/Connection.php(630): Illuminate\\Database\\Connection->runQueryCallback()
#3 /home/non/Desktop/Final/pharamcy-system/vendor/laravel/framework/src/Illuminate/Database/Connection.php(339): Illuminate\\Database\\Connection->run()
#4 /home/non/Desktop/Final/pharamcy-system/vendor/laravel/framework/src/Illuminate/Database/Query/Builder.php(2178): Illuminate\\Database\\Connection->select()
#5 /home/non/Desktop/Final/pharamcy-system/vendor/laravel/framework/src/Illuminate/Database/Query/Builder.php(2166): Illuminate\\Database\\Query\\Builder->runSelect()
#6 /home/non/Desktop/Final/pharamcy-system/vendor/laravel/framework/src/Illuminate/Database/Query/Builder.php(2638): Illuminate\\Database\\Query\\Builder->Illuminate\\Database\\Query\\{closure}()
#7 /home/non/Desktop/Final/pharamcy-system/vendor/laravel/framework/src/Illuminate/Database/Query/Builder.php(2167): Illuminate\\Database\\Query\\Builder->onceWithColumns()
#8 /home/non/Desktop/Final/pharamcy-system/vendor/laravel/framework/src/Illuminate/Database/Eloquent/Builder.php(539): Illuminate\\Database\\Query\\Builder->get()
#9 /home/non/Desktop/Final/pharamcy-system/vendor/laravel/framework/src/Illuminate/Database/Eloquent/Builder.php(523): Illuminate\\Database\\Eloquent\\Builder->getModels()
#10 /home/non/Desktop/Final/pharamcy-system/app/Http/Controllers/DoctorTabController.php(21): Illuminate\\Database\\Eloquent\\Builder->get()
#11 [internal function]: App\\Http\\Controllers\\DoctorTabController->index()
#12 /home/non/Desktop/Final/pharamcy-system/vendor/laravel/framework/src/Illuminate/Routing/Controller.php(54): call_user_func_array()
#13 /home/non/Desktop/Final/pharamcy-system/vendor/laravel/framework/src/Illuminate/Routing/ControllerDispatcher.php(45): Illuminate\\Routing\\Controller->callAction()
#14 /home/non/Desktop/Final/pharamcy-system/vendor/laravel/framework/src/Illuminate/Routing/Route.php(225): Illuminate\\Routing\\ControllerDispatcher->dispatch()
#15 /home/non/Desktop/Final/pharamcy-system/vendor/laravel/framework/src/Illuminate/Routing/Route.php(182): Illuminate\\Routing\\Route->runController()
#16 /home/non/Desktop/Final/pharamcy-system/vendor/laravel/framework/src/Illuminate/Routing/Router.php(685): Illuminate\\Routing\\Route->run()
#17 /home/non/Desktop/Final/pharamcy-system/vendor/laravel/framework/src/Illuminate/Pipeline/Pipeline.php(128): Illuminate\\Routing\\Router->Illuminate\\Routing\\{closure}()
#18 /home/non/Desktop/Final/pharamcy-system/vendor/laravel/framework/src/Illuminate/Routing/Middleware/SubstituteBindings.php(41): Illuminate\\Pipeline\\Pipeline->Illuminate\\Pipeline\\{closure}()
#19 /home/non/Desktop/Final/pharamcy-system/vendor/laravel/framework/src/Illuminate/Pipeline/Pipeline.php(167): Illuminate\\Routing\\Middleware\\SubstituteBindings->handle()
#20 /home/non/Desktop/Final/pharamcy-system/vendor/laravel/framework/src/Illuminate/Foundation/Http/Middleware/VerifyCsrfToken.php(76): Illuminate\\Pipeline\\Pipeline->Illuminate\\Pipeline\\{closure}()
#21 /home/non/Desktop/Final/pharamcy-system/vendor/laravel/framework/src/Illuminate/Pipeline/Pipeline.php(167): Illuminate\\Foundation\\Http\\Middleware\\VerifyCsrfToken->handle()
#22 /home/non/Desktop/Final/pharamcy-system/vendor/laravel/framework/src/Illuminate/View/Middleware/ShareErrorsFromSession.php(49): Illuminate\\Pipeline\\Pipeline->Illuminate\\Pipeline\\{closure}()
#23 /home/non/Desktop/Final/pharamcy-system/vendor/laravel/framework/src/Illuminate/Pipeline/Pipeline.php(167): Illuminate\\View\\Middleware\\ShareErrorsFromSession->handle()
#24 /home/non/Desktop/Final/pharamcy-system/vendor/laravel/framework/src/Illuminate/Session/Middleware/StartSession.php(56): Illuminate\\Pipeline\\Pipeline->Illuminate\\Pipeline\\{closure}()
#25 /home/non/Desktop/Final/pharamcy-system/vendor/laravel/framework/src/Illuminate/Pipeline/Pipeline.php(167): Illuminate\\Session\\Middleware\\StartSession->handle()
#26 /home/non/Desktop/Final/pharamcy-system/vendor/laravel/framework/src/Illuminate/Cookie/Middleware/AddQueuedCookiesToResponse.php(37): Illuminate\\Pipeline\\Pipeline->Illuminate\\Pipeline\\{closure}()
#27 /home/non/Desktop/Final/pharamcy-system/vendor/laravel/framework/src/Illuminate/Pipeline/Pipeline.php(167): Illuminate\\Cookie\\Middleware\\AddQueuedCookiesToResponse->handle()
#28 /home/non/Desktop/Final/pharamcy-system/vendor/laravel/framework/src/Illuminate/Cookie/Middleware/EncryptCookies.php(66): Illuminate\\Pipeline\\Pipeline->Illuminate\\Pipeline\\{closure}()
#29 /home/non/Desktop/Final/pharamcy-system/vendor/laravel/framework/src/Illuminate/Pipeline/Pipeline.php(167): Illuminate\\Cookie\\Middleware\\EncryptCookies->handle()
#30 /home/non/Desktop/Final/pharamcy-system/vendor/laravel/framework/src/Illuminate/Pipeline/Pipeline.php(103): Illuminate\\Pipeline\\Pipeline->Illuminate\\Pipeline\\{closure}()
#31 /home/non/Desktop/Final/pharamcy-system/vendor/laravel/framework/src/Illuminate/Routing/Router.php(687): Illuminate\\Pipeline\\Pipeline->then()
#32 /home/non/Desktop/Final/pharamcy-system/vendor/laravel/framework/src/Illuminate/Routing/Router.php(662): Illuminate\\Routing\\Router->runRouteWithinStack()
#33 /home/non/Desktop/Final/pharamcy-system/vendor/laravel/framework/src/Illuminate/Routing/Router.php(628): Illuminate\\Routing\\Router->runRoute()
#34 /home/non/Desktop/Final/pharamcy-system/vendor/laravel/framework/src/Illuminate/Routing/Router.php(617): Illuminate\\Routing\\Router->dispatchToRoute()
#35 /home/non/Desktop/Final/pharamcy-system/vendor/laravel/framework/src/Illuminate/Foundation/Http/Kernel.php(165): Illuminate\\Routing\\Router->dispatch()
#36 /home/non/Desktop/Final/pharamcy-system/vendor/laravel/framework/src/Illuminate/Pipeline/Pipeline.php(128): Illuminate\\Foundation\\Http\\Kernel->Illuminate\\Foundation\\Http\\{closure}()
#37 /home/non/Desktop/Final/pharamcy-system/vendor/laravel/framework/src/Illuminate/Foundation/Http/Middleware/TransformsRequest.php(21): Illuminate\\Pipeline\\Pipeline->Illuminate\\Pipeline\\{closure}()
#38 /home/non/Desktop/Final/pharamcy-system/vendor/laravel/framework/src/Illuminate/Pipeline/Pipeline.php(167): Illuminate\\Foundation\\Http\\Middleware\\TransformsRequest->handle()
#39 /home/non/Desktop/Final/pharamcy-system/vendor/laravel/framework/src/Illuminate/Foundation/Http/Middleware/TransformsRequest.php(21): Illuminate\\Pipeline\\Pipeline->Illuminate\\Pipeline\\{closure}()
#40 /home/non/Desktop/Final/pharamcy-system/vendor/laravel/framework/src/Illuminate/Pipeline/Pipeline.php(167): Illuminate\\Foundation\\Http\\Middleware\\TransformsRequest->handle()
#41 /home/non/Desktop/Final/pharamcy-system/vendor/laravel/framework/src/Illuminate/Foundation/Http/Middleware/ValidatePostSize.php(27): Illuminate\\Pipeline\\Pipeline->Illuminate\\Pipeline\\{closure}()
#42 /home/non/Desktop/Final/pharamcy-system/vendor/laravel/framework/src/Illuminate/Pipeline/Pipeline.php(167): Illuminate\\Foundation\\Http\\Middleware\\ValidatePostSize->handle()
#43 /home/non/Desktop/Final/pharamcy-system/vendor/laravel/framework/src/Illuminate/Foundation/Http/Middleware/CheckForMaintenanceMode.php(63): Illuminate\\Pipeline\\Pipeline->Illuminate\\Pipeline\\{closure}()
#44 /home/non/Desktop/Final/pharamcy-system/vendor/laravel/framework/src/Illuminate/Pipeline/Pipeline.php(167): Illuminate\\Foundation\\Http\\Middleware\\CheckForMaintenanceMode->handle()
#45 /home/non/Desktop/Final/pharamcy-system/vendor/fruitcake/laravel-cors/src/HandleCors.php(36): Illuminate\\Pipeline\\Pipeline->Illuminate\\Pipeline\\{closure}()
#46 /home/non/Desktop/Final/pharamcy-system/vendor/laravel/framework/src/Illuminate/Pipeline/Pipeline.php(167): Fruitcake\\Cors\\HandleCors->handle()
#47 /home/non/Desktop/Final/pharamcy-system/vendor/fideloper/proxy/src/TrustProxies.php(57): Illuminate\\Pipeline\\Pipeline->Illuminate\\Pipeline\\{closure}()
#48 /home/non/Desktop/Final/pharamcy-system/vendor/laravel/framework/src/Illuminate/Pipeline/Pipeline.php(167): Fideloper\\Proxy\\TrustProxies->handle()
#49 /home/non/Desktop/Final/pharamcy-system/vendor/laravel/framework/src/Illuminate/Pipeline/Pipeline.php(103): Illuminate\\Pipeline\\Pipeline->Illuminate\\Pipeline\\{closure}()
#50 /home/non/Desktop/Final/pharamcy-system/vendor/laravel/framework/src/Illuminate/Foundation/Http/Kernel.php(140): Illuminate\\Pipeline\\Pipeline->then()
#51 /home/non/Desktop/Final/pharamcy-system/vendor/laravel/framework/src/Illuminate/Foundation/Http/Kernel.php(109): Illuminate\\Foundation\\Http\\Kernel->sendRequestThroughRouter()
#52 /home/non/Desktop/Final/pharamcy-system/public/index.php(55): Illuminate\\Foundation\\Http\\Kernel->handle()
#53 /home/non/Desktop/Final/pharamcy-system/server.php(21): require_once('/home/non/Deskt...')
#54 {main}

[previous exception] [object] (PDOException(code: 42S22): SQLSTATE[42S22]: Column not found: 1054 Unknown column 'pharmacies.owner_nat_id' in 'on clause' at /home/non/Desktop/Final/pharamcy-system/vendor/doctrine/dbal/lib/Doctrine/DBAL/Driver/PDOConnection.php:61)
[stacktrace]
#0 /home/non/Desktop/Final/pharamcy-system/vendor/doctrine/dbal/lib/Doctrine/DBAL/Driver/PDOConnection.php(61): PDO->prepare()
#1 /home/non/Desktop/Final/pharamcy-system/vendor/laravel/framework/src/Illuminate/Database/Connection.php(331): Doctrine\\DBAL\\Driver\\PDOConnection->prepare()
#2 /home/non/Desktop/Final/pharamcy-system/vendor/laravel/framework/src/Illuminate/Database/Connection.php(663): Illuminate\\Database\\Connection->Illuminate\\Database\\{closure}()
#3 /home/non/Desktop/Final/pharamcy-system/vendor/laravel/framework/src/Illuminate/Database/Connection.php(630): Illuminate\\Database\\Connection->runQueryCallback()
#4 /home/non/Desktop/Final/pharamcy-system/vendor/laravel/framework/src/Illuminate/Database/Connection.php(339): Illuminate\\Database\\Connection->run()
#5 /home/non/Desktop/Final/pharamcy-system/vendor/laravel/framework/src/Illuminate/Database/Query/Builder.php(2178): Illuminate\\Database\\Connection->select()
#6 /home/non/Desktop/Final/pharamcy-system/vendor/laravel/framework/src/Illuminate/Database/Query/Builder.php(2166): Illuminate\\Database\\Query\\Builder->runSelect()
#7 /home/non/Desktop/Final/pharamcy-system/vendor/laravel/framework/src/Illuminate/Database/Query/Builder.php(2638): Illuminate\\Database\\Query\\Builder->Illuminate\\Database\\Query\\{closure}()
#8 /home/non/Desktop/Final/pharamcy-system/vendor/laravel/framework/src/Illuminate/Database/Query/Builder.php(2167): Illuminate\\Database\\Query\\Builder->onceWithColumns()
#9 /home/non/Desktop/Final/pharamcy-system/vendor/laravel/framework/src/Illuminate/Database/Eloquent/Builder.php(539): Illuminate\\Database\\Query\\Builder->get()
#10 /home/non/Desktop/Final/pharamcy-system/vendor/laravel/framework/src/Illuminate/Database/Eloquent/Builder.php(523): Illuminate\\Database\\Eloquent\\Builder->getModels()
#11 /home/non/Desktop/Final/pharamcy-system/app/Http/Controllers/DoctorTabController.php(21): Illuminate\\Database\\Eloquent\\Builder->get()
#12 [internal function]: App\\Http\\Controllers\\DoctorTabController->index()
#13 /home/non/Desktop/Final/pharamcy-system/vendor/laravel/framework/src/Illuminate/Routing/Controller.php(54): call_user_func_array()
#14 /home/non/Desktop/Final/pharamcy-system/vendor/laravel/framework/src/Illuminate/Routing/ControllerDispatcher.php(45): Illuminate\\Routing\\Controller->callAction()
#15 /home/non/Desktop/Final/pharamcy-system/vendor/laravel/framework/src/Illuminate/Routing/Route.php(225): Illuminate\\Routing\\ControllerDispatcher->dispatch()
#16 /home/non/Desktop/Final/pharamcy-system/vendor/laravel/framework/src/Illuminate/Routing/Route.php(182): Illuminate\\Routing\\Route->runController()
#17 /home/non/Desktop/Final/pharamcy-system/vendor/laravel/framework/src/Illuminate/Routing/Router.php(685): Illuminate\\Routing\\Route->run()
#18 /home/non/Desktop/Final/pharamcy-system/vendor/laravel/framework/src/Illuminate/Pipeline/Pipeline.php(128): Illuminate\\Routing\\Router->Illuminate\\Routing\\{closure}()
#19 /home/non/Desktop/Final/pharamcy-system/vendor/laravel/framework/src/Illuminate/Routing/Middleware/SubstituteBindings.php(41): Illuminate\\Pipeline\\Pipeline->Illuminate\\Pipeline\\{closure}()
#20 /home/non/Desktop/Final/pharamcy-system/vendor/laravel/framework/src/Illuminate/Pipeline/Pipeline.php(167): Illuminate\\Routing\\Middleware\\SubstituteBindings->handle()
#21 /home/non/Desktop/Final/pharamcy-system/vendor/laravel/framework/src/Illuminate/Foundation/Http/Middleware/VerifyCsrfToken.php(76): Illuminate\\Pipeline\\Pipeline->Illuminate\\Pipeline\\{closure}()
#22 /home/non/Desktop/Final/pharamcy-system/vendor/laravel/framework/src/Illuminate/Pipeline/Pipeline.php(167): Illuminate\\Foundation\\Http\\Middleware\\VerifyCsrfToken->handle()
#23 /home/non/Desktop/Final/pharamcy-system/vendor/laravel/framework/src/Illuminate/View/Middleware/ShareErrorsFromSession.php(49): Illuminate\\Pipeline\\Pipeline->Illuminate\\Pipeline\\{closure}()
#24 /home/non/Desktop/Final/pharamcy-system/vendor/laravel/framework/src/Illuminate/Pipeline/Pipeline.php(167): Illuminate\\View\\Middleware\\ShareErrorsFromSession->handle()
#25 /home/non/Desktop/Final/pharamcy-system/vendor/laravel/framework/src/Illuminate/Session/Middleware/StartSession.php(56): Illuminate\\Pipeline\\Pipeline->Illuminate\\Pipeline\\{closure}()
#26 /home/non/Desktop/Final/pharamcy-system/vendor/laravel/framework/src/Illuminate/Pipeline/Pipeline.php(167): Illuminate\\Session\\Middleware\\StartSession->handle()
#27 /home/non/Desktop/Final/pharamcy-system/vendor/laravel/framework/src/Illuminate/Cookie/Middleware/AddQueuedCookiesToResponse.php(37): Illuminate\\Pipeline\\Pipeline->Illuminate\\Pipeline\\{closure}()
#28 /home/non/Desktop/Final/pharamcy-system/vendor/laravel/framework/src/Illuminate/Pipeline/Pipeline.php(167): Illuminate\\Cookie\\Middleware\\AddQueuedCookiesToResponse->handle()
#29 /home/non/Desktop/Final/pharamcy-system/vendor/laravel/framework/src/Illuminate/Cookie/Middleware/EncryptCookies.php(66): Illuminate\\Pipeline\\Pipeline->Illuminate\\Pipeline\\{closure}()
#30 /home/non/Desktop/Final/pharamcy-system/vendor/laravel/framework/src/Illuminate/Pipeline/Pipeline.php(167): Illuminate\\Cookie\\Middleware\\EncryptCookies->handle()
#31 /home/non/Desktop/Final/pharamcy-system/vendor/laravel/framework/src/Illuminate/Pipeline/Pipeline.php(103): Illuminate\\Pipeline\\Pipeline->Illuminate\\Pipeline\\{closure}()
#32 /home/non/Desktop/Final/pharamcy-system/vendor/laravel/framework/src/Illuminate/Routing/Router.php(687): Illuminate\\Pipeline\\Pipeline->then()
#33 /home/non/Desktop/Final/pharamcy-system/vendor/laravel/framework/src/Illuminate/Routing/Router.php(662): Illuminate\\Routing\\Router->runRouteWithinStack()
#34 /home/non/Desktop/Final/pharamcy-system/vendor/laravel/framework/src/Illuminate/Routing/Router.php(628): Illuminate\\Routing\\Router->runRoute()
#35 /home/non/Desktop/Final/pharamcy-system/vendor/laravel/framework/src/Illuminate/Routing/Router.php(617): Illuminate\\Routing\\Router->dispatchToRoute()
#36 /home/non/Desktop/Final/pharamcy-system/vendor/laravel/framework/src/Illuminate/Foundation/Http/Kernel.php(165): Illuminate\\Routing\\Router->dispatch()
#37 /home/non/Desktop/Final/pharamcy-system/vendor/laravel/framework/src/Illuminate/Pipeline/Pipeline.php(128): Illuminate\\Foundation\\Http\\Kernel->Illuminate\\Foundation\\Http\\{closure}()
#38 /home/non/Desktop/Final/pharamcy-system/vendor/laravel/framework/src/Illuminate/Foundation/Http/Middleware/TransformsRequest.php(21): Illuminate\\Pipeline\\Pipeline->Illuminate\\Pipeline\\{closure}()
#39 /home/non/Desktop/Final/pharamcy-system/vendor/laravel/framework/src/Illuminate/Pipeline/Pipeline.php(167): Illuminate\\Foundation\\Http\\Middleware\\TransformsRequest->handle()
#40 /home/non/Desktop/Final/pharamcy-system/vendor/laravel/framework/src/Illuminate/Foundation/Http/Middleware/TransformsRequest.php(21): Illuminate\\Pipeline\\Pipeline->Illuminate\\Pipeline\\{closure}()
#41 /home/non/Desktop/Final/pharamcy-system/vendor/laravel/framework/src/Illuminate/Pipeline/Pipeline.php(167): Illuminate\\Foundation\\Http\\Middleware\\TransformsRequest->handle()
#42 /home/non/Desktop/Final/pharamcy-system/vendor/laravel/framework/src/Illuminate/Foundation/Http/Middleware/ValidatePostSize.php(27): Illuminate\\Pipeline\\Pipeline->Illuminate\\Pipeline\\{closure}()
#43 /home/non/Desktop/Final/pharamcy-system/vendor/laravel/framework/src/Illuminate/Pipeline/Pipeline.php(167): Illuminate\\Foundation\\Http\\Middleware\\ValidatePostSize->handle()
#44 /home/non/Desktop/Final/pharamcy-system/vendor/laravel/framework/src/Illuminate/Foundation/Http/Middleware/CheckForMaintenanceMode.php(63): Illuminate\\Pipeline\\Pipeline->Illuminate\\Pipeline\\{closure}()
#45 /home/non/Desktop/Final/pharamcy-system/vendor/laravel/framework/src/Illuminate/Pipeline/Pipeline.php(167): Illuminate\\Foundation\\Http\\Middleware\\CheckForMaintenanceMode->handle()
#46 /home/non/Desktop/Final/pharamcy-system/vendor/fruitcake/laravel-cors/src/HandleCors.php(36): Illuminate\\Pipeline\\Pipeline->Illuminate\\Pipeline\\{closure}()
#47 /home/non/Desktop/Final/pharamcy-system/vendor/laravel/framework/src/Illuminate/Pipeline/Pipeline.php(167): Fruitcake\\Cors\\HandleCors->handle()
#48 /home/non/Desktop/Final/pharamcy-system/vendor/fideloper/proxy/src/TrustProxies.php(57): Illuminate\\Pipeline\\Pipeline->Illuminate\\Pipeline\\{closure}()
#49 /home/non/Desktop/Final/pharamcy-system/vendor/laravel/framework/src/Illuminate/Pipeline/Pipeline.php(167): Fideloper\\Proxy\\TrustProxies->handle()
#50 /home/non/Desktop/Final/pharamcy-system/vendor/laravel/framework/src/Illuminate/Pipeline/Pipeline.php(103): Illuminate\\Pipeline\\Pipeline->Illuminate\\Pipeline\\{closure}()
#51 /home/non/Desktop/Final/pharamcy-system/vendor/laravel/framework/src/Illuminate/Foundation/Http/Kernel.php(140): Illuminate\\Pipeline\\Pipeline->then()
#52 /home/non/Desktop/Final/pharamcy-system/vendor/laravel/framework/src/Illuminate/Foundation/Http/Kernel.php(109): Illuminate\\Foundation\\Http\\Kernel->sendRequestThroughRouter()
#53 /home/non/Desktop/Final/pharamcy-system/public/index.php(55): Illuminate\\Foundation\\Http\\Kernel->handle()
#54 /home/non/Desktop/Final/pharamcy-system/server.php(21): require_once('/home/non/Deskt...')
#55 {main}
"} 
